info @storybook/react v6.5.9
info 
info => Cleaning outputDir: /var/folders/f2/yzc42_z13r7b49z801wyq3br0000gn/T/chromatic--38747-tPGGpdUlFAKJ
(node:38769) DeprecationWarning: --static-dir CLI flag is deprecated, see:

https://github.com/storybookjs/storybook/blob/next/MIGRATION.md#deprecated---static-dir-cli-flag
(Use `node --trace-deprecation ...` to show where the warning was created)
info => Loading presets
info Found existing addon "@storybook/addon-measure", skipping.
info => Copying static files: ./public => ./
info => Compiling manager..
info => Compiling preview..
info Addon-docs: using MDX1
info => Using implicit CSS loaders
info => Using default Webpack5 setup
<s> [webpack.Progress] 0% 

<s> [webpack.Progress] 1% setup before run
<s> [webpack.Progress] 1% setup before run NodeEnvironmentPlugin
<s> [webpack.Progress] 1% setup before run
<s> [webpack.Progress] 2% setup run
<s> [webpack.Progress] 2% setup run
<s> [webpack.Progress] 4% setup normal module factory
<s> [webpack.Progress] 4% setup normal module factory CaseSensitivePathsPlugin
<s> [webpack.Progress] 4% setup normal module factory IgnorePlugin
<s> [webpack.Progress] 4% setup normal module factory
<s> [webpack.Progress] 5% setup context module factory
<s> [webpack.Progress] 5% setup context module factory IgnorePlugin
<s> [webpack.Progress] 5% setup context module factory
<s> [webpack.Progress] 6% setup before compile
<s> [webpack.Progress] 6% setup before compile ProgressPlugin
<s> [webpack.Progress] 6% setup before compile
<s> [webpack.Progress] 7% setup compile
<s> [webpack.Progress] 7% setup compile ExternalsPlugin
<s> [webpack.Progress] 7% setup compile
<s> [webpack.Progress] 8% setup compilation
<s> [webpack.Progress] 8% setup compilation ArrayPushCallbackChunkFormatPlugin
<s> [webpack.Progress] 8% setup compilation JsonpChunkLoadingPlugin
<s> [webpack.Progress] 8% setup compilation StartupChunkDependenciesPlugin
<s> [webpack.Progress] 8% setup compilation ImportScriptsChunkLoadingPlugin
<s> [webpack.Progress] 8% setup compilation FetchCompileWasmPlugin
<s> [webpack.Progress] 8% setup compilation FetchCompileAsyncWasmPlugin
<s> [webpack.Progress] 8% setup compilation WorkerPlugin
<s> [webpack.Progress] 8% setup compilation SplitChunksPlugin
<s> [webpack.Progress] 8% setup compilation RuntimeChunkPlugin
<s> [webpack.Progress] 8% setup compilation ResolverCachePlugin
<s> [webpack.Progress] 8% setup compilation HtmlWebpackPlugin
<s> [webpack.Progress] 8% setup compilation
<s> [webpack.Progress] 9% setup compilation
<s> [webpack.Progress] 9% setup compilation DefinePlugin
<s> [webpack.Progress] 9% setup compilation ProvidePlugin
<s> [webpack.Progress] 9% setup compilation ProgressPlugin
<s> [webpack.Progress] 9% setup compilation DefinePlugin
<s> [webpack.Progress] 9% setup compilation DefinePlugin
<s> [webpack.Progress] 9% setup compilation ChunkPrefetchPreloadPlugin
<s> [webpack.Progress] 9% setup compilation SourceMapDevToolPlugin
<s> [webpack.Progress] 9% setup compilation JavascriptModulesPlugin
<s> [webpack.Progress] 9% setup compilation JsonModulesPlugin
<s> [webpack.Progress] 9% setup compilation AssetModulesPlugin
<s> [webpack.Progress] 9% setup compilation EntryPlugin
<s> [webpack.Progress] 9% setup compilation EntryPlugin
<s> [webpack.Progress] 9% setup compilation EntryPlugin
<s> [webpack.Progress] 9% setup compilation EntryPlugin
<s> [webpack.Progress] 9% setup compilation EntryPlugin
<s> [webpack.Progress] 9% setup compilation EntryPlugin
<s> [webpack.Progress] 9% setup compilation EntryPlugin
<s> [webpack.Progress] 9% setup compilation EntryPlugin
<s> [webpack.Progress] 9% setup compilation EntryPlugin
<s> [webpack.Progress] 9% setup compilation EntryPlugin
<s> [webpack.Progress] 9% setup compilation EntryPlugin
<s> [webpack.Progress] 9% setup compilation EntryPlugin
<s> [webpack.Progress] 9% setup compilation EntryPlugin
<s> [webpack.Progress] 9% setup compilation EntryPlugin
<s> [webpack.Progress] 9% setup compilation EntryPlugin
<s> [webpack.Progress] 9% setup compilation EntryPlugin
<s> [webpack.Progress] 9% setup compilation RuntimePlugin
<s> [webpack.Progress] 9% setup compilation InferAsyncModulesPlugin
<s> [webpack.Progress] 9% setup compilation DataUriPlugin
<s> [webpack.Progress] 9% setup compilation FileUriPlugin
<s> [webpack.Progress] 9% setup compilation CompatibilityPlugin
<s> [webpack.Progress] 9% setup compilation HarmonyModulesPlugin
<s> [webpack.Progress] 9% setup compilation AMDPlugin
<s> [webpack.Progress] 9% setup compilation RequireJsStuffPlugin
<s> [webpack.Progress] 9% setup compilation CommonJsPlugin
<s> [webpack.Progress] 9% setup compilation LoaderPlugin
<s> [webpack.Progress] 9% setup compilation LoaderPlugin
<s> [webpack.Progress] 9% setup compilation NodeStuffPlugin
<s> [webpack.Progress] 9% setup compilation APIPlugin
<s> [webpack.Progress] 9% setup compilation ExportsInfoApiPlugin
<s> [webpack.Progress] 9% setup compilation WebpackIsIncludedPlugin
<s> [webpack.Progress] 9% setup compilation ConstPlugin
<s> [webpack.Progress] 9% setup compilation UseStrictPlugin
<s> [webpack.Progress] 9% setup compilation RequireIncludePlugin
<s> [webpack.Progress] 9% setup compilation RequireEnsurePlugin
<s> [webpack.Progress] 9% setup compilation RequireContextPlugin
<s> [webpack.Progress] 9% setup compilation ImportPlugin
<s> [webpack.Progress] 9% setup compilation RequireContextPlugin
<s> [webpack.Progress] 9% setup compilation SystemPlugin
<s> [webpack.Progress] 9% setup compilation ImportMetaPlugin
<s> [webpack.Progress] 9% setup compilation URLPlugin
<s> [webpack.Progress] 9% setup compilation DefaultStatsFactoryPlugin
<s> [webpack.Progress] 9% setup compilation DefaultStatsPresetPlugin
<s> [webpack.Progress] 9% setup compilation DefaultStatsPrinterPlugin
<s> [webpack.Progress] 9% setup compilation JavascriptMetaInfoPlugin
<s> [webpack.Progress] 9% setup compilation EnsureChunkConditionsPlugin
<s> [webpack.Progress] 9% setup compilation RemoveEmptyChunksPlugin
<s> [webpack.Progress] 9% setup compilation MergeDuplicateChunksPlugin
<s> [webpack.Progress] 9% setup compilation FlagIncludedChunksPlugin
<s> [webpack.Progress] 9% setup compilation SideEffectsFlagPlugin
<s> [webpack.Progress] 9% setup compilation FlagDependencyExportsPlugin
<s> [webpack.Progress] 9% setup compilation FlagDependencyUsagePlugin
<s> [webpack.Progress] 9% setup compilation InnerGraphPlugin
<s> [webpack.Progress] 9% setup compilation MangleExportsPlugin
<s> [webpack.Progress] 9% setup compilation ModuleConcatenationPlugin
<s> [webpack.Progress] 9% setup compilation NoEmitOnErrorsPlugin
<s> [webpack.Progress] 9% setup compilation RealContentHashPlugin
<s> [webpack.Progress] 9% setup compilation WasmFinalizeExportsPlugin
<s> [webpack.Progress] 9% setup compilation NamedModuleIdsPlugin
<s> [webpack.Progress] 9% setup compilation DeterministicChunkIdsPlugin
<s> [webpack.Progress] 9% setup compilation DefinePlugin
<s> [webpack.Progress] 9% setup compilation TerserPlugin
<s> [webpack.Progress] 9% setup compilation TemplatedPathPlugin
<s> [webpack.Progress] 9% setup compilation RecordIdsPlugin
<s> [webpack.Progress] 9% setup compilation WarnCaseSensitiveModulesPlugin
<s> [webpack.Progress] 9% setup compilation IgnoreWarningsPlugin
<s> [webpack.Progress] 9% setup compilation
<s> [webpack.Progress] 10% building
<s> [webpack.Progress] 10% building 0/1 entries 0/0 dependencies 0/0 modules
<s> [webpack.Progress] 10% building 0/16 entries 13/36 dependencies 0/11 modules
<s> [webpack.Progress] 10% building import loader ./node_modules/babel-loader/lib/index.js
<s> [webpack.Progress] 10% building 0/16 entries 15/38 dependencies 0/14 modules
<s> [webpack.Progress] 10% building 0/16 entries 16/38 dependencies 0/14 modules
<s> [webpack.Progress] 10% building 0/16 entries 31/98 dependencies 1/28 modules
<s> [webpack.Progress] 10% building import loader ./node_modules/@storybook/source-loader/dist/cjs/index.js
<s> [webpack.Progress] 10% building 0/16 entries 63/99 dependencies 1/60 modules
<s> [webpack.Progress] 10% building 0/16 entries 100/130 dependencies 1/84 modules
<s> [webpack.Progress] 10% building 0/16 entries 200/345 dependencies 5/145 modules
<s> [webpack.Progress] 10% building 0/16 entries 400/711 dependencies 8/217 modules
<s> [webpack.Progress] 13% building 1/16 entries 502/711 dependencies 12/251 modules
<s> [webpack.Progress] 13% building 1/16 entries 688/755 dependencies 16/300 modules
<s> [webpack.Progress] 16% building 2/16 entries 743/814 dependencies 22/334 modules
<s> [webpack.Progress] 99% cache begin idle
<s> [webpack.Progress] 99% cache begin idle
<s> [webpack.Progress] 100% 

ERR! => Failed to build the preview
ERR! Module not found: Error: [CaseSensitivePathsPlugin] `/Users/phil/dev/Superbloom/1x0dam/frontend/node_modules/next/Link.js` does not match the corresponding path on disk `link.js`.
<s> [webpack.Progress] 99% cache shutdown
<s> [webpack.Progress] 99% cache shutdown
<s> [webpack.Progress] 100% 

<s> [webpack.Progress] 20% building 3/16 entries 743/814 dependencies 25/334 modules
<s> [webpack.Progress] 23% building 4/16 entries 789/814 dependencies 31/334 modules
<s> [webpack.Progress] 27% building 5/16 entries 789/814 dependencies 32/334 modules
<s> [webpack.Progress] 30% building 6/16 entries 789/814 dependencies 33/334 modules
<s> [webpack.Progress] 34% building 7/16 entries 789/814 dependencies 34/334 modules
<s> [webpack.Progress] 37% building 8/16 entries 789/814 dependencies 35/334 modules
<s> [webpack.Progress] 40% building 9/16 entries 789/814 dependencies 36/334 modules
<s> [webpack.Progress] 44% building 10/16 entries 789/814 dependencies 37/334 modules
<s> [webpack.Progress] 47% building 11/16 entries 789/814 dependencies 38/334 modules
<s> [webpack.Progress] 51% building 12/16 entries 789/814 dependencies 39/334 modules
<s> [webpack.Progress] 54% building 13/16 entries 789/814 dependencies 40/334 modules
<s> [webpack.Progress] 58% building 14/16 entries 789/814 dependencies 41/334 modules
<s> [webpack.Progress] 61% building 15/16 entries 789/814 dependencies 74/334 modules
<s> [webpack.Progress] 63% building 16/16 entries 789/814 dependencies 79/334 modules
<s> [webpack.Progress] 64% building 16/16 entries 800/814 dependencies 174/336 modules
info => Manager built (1.12 min)
ERR! ModuleNotFoundError: Module not found: Error: [CaseSensitivePathsPlugin] `/Users/phil/dev/Superbloom/1x0dam/frontend/node_modules/next/Link.js` does not match the corresponding path on disk `link.js`.
ERR!     at /Users/phil/dev/Superbloom/1x0dam/frontend/node_modules/@storybook/builder-webpack5/node_modules/webpack/lib/Compilation.js:2016:28
ERR!     at /Users/phil/dev/Superbloom/1x0dam/frontend/node_modules/@storybook/builder-webpack5/node_modules/webpack/lib/NormalModuleFactory.js:798:13
ERR!     at eval (eval at create (/Users/phil/dev/Superbloom/1x0dam/frontend/node_modules/@storybook/builder-webpack5/node_modules/tapable/lib/HookCodeFactory.js:33:10), <anonymous>:10:1)
ERR!     at /Users/phil/dev/Superbloom/1x0dam/frontend/node_modules/@storybook/builder-webpack5/node_modules/webpack/lib/NormalModuleFactory.js:285:23
ERR!     at eval (eval at create (/Users/phil/dev/Superbloom/1x0dam/frontend/node_modules/@storybook/builder-webpack5/node_modules/tapable/lib/HookCodeFactory.js:33:10), <anonymous>:9:1)
ERR!     at /Users/phil/dev/Superbloom/1x0dam/frontend/node_modules/case-sensitive-paths-webpack-plugin/index.js:169:11
ERR!     at /Users/phil/dev/Superbloom/1x0dam/frontend/node_modules/case-sensitive-paths-webpack-plugin/index.js:113:7
ERR!     at CaseSensitivePathsPlugin.getFilenamesInDir (/Users/phil/dev/Superbloom/1x0dam/frontend/node_modules/case-sensitive-paths-webpack-plugin/index.js:52:5)
ERR!     at CaseSensitivePathsPlugin.fileExistsWithCase (/Users/phil/dev/Superbloom/1x0dam/frontend/node_modules/case-sensitive-paths-webpack-plugin/index.js:101:8)
ERR!     at checkFile (/Users/phil/dev/Superbloom/1x0dam/frontend/node_modules/case-sensitive-paths-webpack-plugin/index.js:162:10)
ERR!  ModuleNotFoundError: Module not found: Error: [CaseSensitivePathsPlugin] `/Users/phil/dev/Superbloom/1x0dam/frontend/node_modules/next/Link.js` does not match the corresponding path on disk `link.js`.
ERR!     at /Users/phil/dev/Superbloom/1x0dam/frontend/node_modules/@storybook/builder-webpack5/node_modules/webpack/lib/Compilation.js:2016:28
ERR!     at /Users/phil/dev/Superbloom/1x0dam/frontend/node_modules/@storybook/builder-webpack5/node_modules/webpack/lib/NormalModuleFactory.js:798:13
ERR!     at eval (eval at create (/Users/phil/dev/Superbloom/1x0dam/frontend/node_modules/@storybook/builder-webpack5/node_modules/tapable/lib/HookCodeFactory.js:33:10), <anonymous>:10:1)
ERR!     at /Users/phil/dev/Superbloom/1x0dam/frontend/node_modules/@storybook/builder-webpack5/node_modules/webpack/lib/NormalModuleFactory.js:285:23
ERR!     at eval (eval at create (/Users/phil/dev/Superbloom/1x0dam/frontend/node_modules/@storybook/builder-webpack5/node_modules/tapable/lib/HookCodeFactory.js:33:10), <anonymous>:9:1)
ERR!     at /Users/phil/dev/Superbloom/1x0dam/frontend/node_modules/case-sensitive-paths-webpack-plugin/index.js:169:11
ERR!     at /Users/phil/dev/Superbloom/1x0dam/frontend/node_modules/case-sensitive-paths-webpack-plugin/index.js:113:7
ERR!     at CaseSensitivePathsPlugin.getFilenamesInDir (/Users/phil/dev/Superbloom/1x0dam/frontend/node_modules/case-sensitive-paths-webpack-plugin/index.js:52:5)
ERR!     at CaseSensitivePathsPlugin.fileExistsWithCase (/Users/phil/dev/Superbloom/1x0dam/frontend/node_modules/case-sensitive-paths-webpack-plugin/index.js:101:8)
ERR!     at checkFile (/Users/phil/dev/Superbloom/1x0dam/frontend/node_modules/case-sensitive-paths-webpack-plugin/index.js:162:10)
info => Loading presets
info Found existing addon "@storybook/addon-measure", skipping.
/Users/phil/dev/Superbloom/1x0dam/frontend/node_modules/file-system-cache/lib/common/Util.js:66
            throw new Error(`Failed to read cache value at: ${path}. ${error.message}`);
                  ^

Error: Failed to read cache value at: /Users/phil/dev/Superbloom/1x0dam/frontend/node_modules/.cache/storybook/dev-server/325c8f456729b912b0d2134054eb7448-5608341ec09d3d75fd946188791fdbd1. /Users/phil/dev/Superbloom/1x0dam/frontend/node_modules/.cache/storybook/dev-server/325c8f456729b912b0d2134054eb7448-5608341ec09d3d75fd946188791fdbd1: Unexpected end of JSON input
    at Object.<anonymous> (/Users/phil/dev/Superbloom/1x0dam/frontend/node_modules/file-system-cache/lib/common/Util.js:66:19)
    at Generator.throw (<anonymous>)
    at rejected (/Users/phil/dev/Superbloom/1x0dam/frontend/node_modules/file-system-cache/lib/common/Util.js:6:65)
